<?xml version="1.0" encoding="UTF-8"?>
<!-- Generated by org.testng.reporters.JUnitXMLReporter -->
<testsuite ignored="0" hostname="Smeeti" failures="0" tests="5" name="Default test" time="33.212" errors="0" timestamp="2023-08-27T22:31:12 IST">
  <testcase classname="com.iapp.Tests.LeaveApplicationPageTest" name="VerifyUserIsNavigateToLeaveApllicationForm" time="18.809"/>
  <testcase classname="com.iapp.Tests.LeaveApplicationPageTest" name="VerifyUserIsAbleToSelectLocation" time="3.241"/>
  <testcase classname="com.iapp.Tests.LeaveApplicationPageTest" name="VerifyUserIsAbleToSelectEmployeeName" time="4.649"/>
  <testcase classname="com.iapp.Tests.LeaveApplicationPageTest" name="VerifyUserIsAbleToSelectLookup" time="2.69"/>
  <testcase classname="com.iapp.Tests.LeaveApplicationPageTest" name="VerifyUserIsAbleToSelect" time="3.459"/>
</testsuite> <!-- Default test -->
